<?xml version="1.0" encoding="UTF-8"?>
<!-- Generated by org.testng.reporters.JUnitReportReporter -->
<testsuite hostname="DESKTOP-LAQU100" failures="0" tests="1" name="TestCases.CreatingAccount" time="6.817" errors="0" timestamp="2023-01-31T14:00:35 IST" skipped="0">
  <testcase classname="TestCases.CreatingAccount" name="AccountCreate" time="6.817"/>
  <system-out/>
</testsuite> <!-- TestCases.CreatingAccount -->
