<?xml version="1.0" encoding="UTF-8"?>
<!-- Generated by org.testng.reporters.JUnitReportReporter -->
<testsuite hostname="DESKTOP-LAQU100" failures="0" tests="1" name="TestCases.TotalPriceComparison" time="5.374" errors="0" timestamp="2022-09-11T21:15:21 IST" skipped="0">
  <testcase classname="TestCases.TotalPriceComparison" name="ShoppingFromDemoCart" time="5.374"/>
  <system-out/>
</testsuite> <!-- TestCases.TotalPriceComparison -->
