<?xml version="1.0" encoding="UTF-8"?>
<!-- Generated by org.testng.reporters.JUnitReportReporter -->
<testsuite hostname="DESKTOP-LAQU100" failures="0" tests="1" name="TestCases.LoginInDemoCart" time="11.016" errors="0" timestamp="2023-01-31T14:00:35 IST" skipped="0">
  <testcase classname="TestCases.LoginInDemoCart" name="UserLogin" time="11.016"/>
  <system-out/>
</testsuite> <!-- TestCases.LoginInDemoCart -->
